[2025-04-06 15:04:33] Registration result: Array
(
    [success] => 0
    [id] => 
    [message] => Email already exists
)

[2025-04-06 15:04:33] Registration error: Undefined array key 0
[2025-04-06 15:05:27] Registration result: Array
(
    [success] => 0
    [id] => 
    [message] => Email already exists
)

[2025-04-06 15:08:35] Registration result: Array
(
    [success] => 1
    [id] => 720
    [message] => User registered successfully
)

[2025-04-06 15:08:35][INFO] === Starting Email Sending Process ===
[2025-04-06 15:08:35][INFO] Recipient: ivan1.kostyuk@gmail.com, Name: asdasdf
[2025-04-06 15:08:36][INFO] SMTP Configuration:
[2025-04-06 15:08:36][INFO] Host: sandbox.smtp.mailtrap.io
[2025-04-06 15:08:36][INFO] Port: 2525
[2025-04-06 15:08:36][INFO] Username: 0433a9b7592b6d
[2025-04-06 15:08:36][INFO] SMTPSecure: tls
[2025-04-06 15:08:36][INFO] Testing SMTP connection...
[2025-04-06 15:08:36][2] SERVER -> CLIENT: 220 smtp.mailtrap.io ESMTP ready

[2025-04-06 15:08:36][1] CLIENT -> SERVER: EHLO localhost

[2025-04-06 15:08:36][2] SERVER -> CLIENT: 250-smtp.mailtrap.io
250-SIZE 5242880
250-PIPELINING
250-ENHANCEDSTATUSCODES
250-8BITMIME
250-DSN
250-AUTH PLAIN LOGIN CRAM-MD5
250 STARTTLS

[2025-04-06 15:08:36][1] CLIENT -> SERVER: STARTTLS

[2025-04-06 15:08:36][2] SERVER -> CLIENT: 220 2.0.0 Start TLS

[2025-04-06 15:08:36][1] CLIENT -> SERVER: EHLO localhost

[2025-04-06 15:08:36][2] SERVER -> CLIENT: 250-smtp.mailtrap.io
250-SIZE 5242880
250-PIPELINING
250-ENHANCEDSTATUSCODES
250-8BITMIME
250-DSN
250 AUTH PLAIN LOGIN CRAM-MD5

[2025-04-06 15:08:36][1] CLIENT -> SERVER: AUTH CRAM-MD5

[2025-04-06 15:08:36][2] SERVER -> CLIENT: 334 PDE4ODg0NTQ1MjguMTc0Mzk1MjExNkBzbXRwLm1haWx0cmFwLmlvPg==

[2025-04-06 15:08:36][1] CLIENT -> SERVER: [credentials hidden]
[2025-04-06 15:08:36][2] SERVER -> CLIENT: 235 2.0.0 OK

[2025-04-06 15:08:36][INFO] SMTP connection test successful
[2025-04-06 15:08:36][1] CLIENT -> SERVER: QUIT

[2025-04-06 15:08:36][2] SERVER -> CLIENT: 221 2.0.0 Bye

[2025-04-06 15:08:36][INFO] From: noreply@petsbook.com
[2025-04-06 15:08:36][INFO] To: ivan1.kostyuk@gmail.com
[2025-04-06 15:08:36][INFO] Verification URL: http://localhost:5173/verify-email/c7ae62f231db6018584b27c3834dfb46ce1cac0a4b8a056ce37d8179b28a8a36
[2025-04-06 15:08:36][INFO] Attempting to send email...
[2025-04-06 15:08:36][2] SERVER -> CLIENT: 220 smtp.mailtrap.io ESMTP ready

[2025-04-06 15:08:36][1] CLIENT -> SERVER: EHLO localhost

[2025-04-06 15:08:36][2] SERVER -> CLIENT: 250-smtp.mailtrap.io
250-SIZE 5242880
250-PIPELINING
250-ENHANCEDSTATUSCODES
250-8BITMIME
250-DSN
250-AUTH PLAIN LOGIN CRAM-MD5
250 STARTTLS

[2025-04-06 15:08:36][1] CLIENT -> SERVER: STARTTLS

[2025-04-06 15:08:36][2] SERVER -> CLIENT: 220 2.0.0 Start TLS

[2025-04-06 15:08:36][1] CLIENT -> SERVER: EHLO localhost

[2025-04-06 15:08:36][2] SERVER -> CLIENT: 250-smtp.mailtrap.io
250-SIZE 5242880
250-PIPELINING
250-ENHANCEDSTATUSCODES
250-8BITMIME
250-DSN
250 AUTH PLAIN LOGIN CRAM-MD5

[2025-04-06 15:08:36][1] CLIENT -> SERVER: AUTH CRAM-MD5

[2025-04-06 15:08:36][2] SERVER -> CLIENT: 334 PDcwNDkzMzU5Mi4xNzQzOTUyMTE2QHNtdHAubWFpbHRyYXAuaW8+

[2025-04-06 15:08:36][1] CLIENT -> SERVER: [credentials hidden]
[2025-04-06 15:08:36][2] SERVER -> CLIENT: 235 2.0.0 OK

[2025-04-06 15:08:36][1] CLIENT -> SERVER: MAIL FROM:<noreply@petsbook.com>

[2025-04-06 15:08:36][2] SERVER -> CLIENT: 250 2.1.0 Ok

[2025-04-06 15:08:36][1] CLIENT -> SERVER: RCPT TO:<ivan1.kostyuk@gmail.com>

[2025-04-06 15:08:36][2] SERVER -> CLIENT: 250 2.1.0 Ok

[2025-04-06 15:08:36][1] CLIENT -> SERVER: DATA

[2025-04-06 15:08:37][2] SERVER -> CLIENT: 354 Go ahead

[2025-04-06 15:08:37][1] CLIENT -> SERVER: Date: Sun, 6 Apr 2025 15:08:36 +0000

[2025-04-06 15:08:37][1] CLIENT -> SERVER: To: asdasdf <ivan1.kostyuk@gmail.com>

[2025-04-06 15:08:37][1] CLIENT -> SERVER: From: PetsBook <noreply@petsbook.com>

[2025-04-06 15:08:37][1] CLIENT -> SERVER: Subject: =?UTF-8?B?0J/QvtC00YLQstC10YDQttC00LXQvdC40LUgZW1haWwg0LDQtNGA0LXRgdCw?=

[2025-04-06 15:08:37][1] CLIENT -> SERVER: Message-ID: <LzTnx5Q6xU6z07MKiYqweyjhgR94Su9nHuG2kBe4@localhost>

[2025-04-06 15:08:37][1] CLIENT -> SERVER: X-Mailer: PHPMailer 6.9.3 (https://github.com/PHPMailer/PHPMailer)

[2025-04-06 15:08:37][1] CLIENT -> SERVER: MIME-Version: 1.0

[2025-04-06 15:08:37][1] CLIENT -> SERVER: Content-Type: multipart/alternative;

[2025-04-06 15:08:37][1] CLIENT -> SERVER:  boundary="b1=_LzTnx5Q6xU6z07MKiYqweyjhgR94Su9nHuG2kBe4"

[2025-04-06 15:08:37][1] CLIENT -> SERVER: Content-Transfer-Encoding: 8bit

[2025-04-06 15:08:37][1] CLIENT -> SERVER: 

[2025-04-06 15:08:37][1] CLIENT -> SERVER: --b1=_LzTnx5Q6xU6z07MKiYqweyjhgR94Su9nHuG2kBe4

[2025-04-06 15:08:37][1] CLIENT -> SERVER: Content-Type: text/plain; charset=UTF-8

[2025-04-06 15:08:37][1] CLIENT -> SERVER: Content-Transfer-Encoding: 8bit

[2025-04-06 15:08:37][1] CLIENT -> SERVER: 

[2025-04-06 15:08:37][1] CLIENT -> SERVER: Здравствуйте, asdasdf!

[2025-04-06 15:08:37][1] CLIENT -> SERVER: 

[2025-04-06 15:08:37][1] CLIENT -> SERVER: Для завершения регистрации необходимо подтвердить ваш email адрес.

[2025-04-06 15:08:37][1] CLIENT -> SERVER: 

[2025-04-06 15:08:37][1] CLIENT -> SERVER: Перейдите по ссылке: http://localhost:5173/verify-email/c7ae62f231db6018584b27c3834dfb46ce1cac0a4b8a056ce37d8179b28a8a36

[2025-04-06 15:08:37][1] CLIENT -> SERVER: 

[2025-04-06 15:08:37][1] CLIENT -> SERVER: Ссылка действительна в течение 24 часов.

[2025-04-06 15:08:37][1] CLIENT -> SERVER: 

[2025-04-06 15:08:37][1] CLIENT -> SERVER: Если вы не регистрировались на нашем сайте, просто проигнорируйте это письмо.

[2025-04-06 15:08:37][1] CLIENT -> SERVER: 

[2025-04-06 15:08:37][1] CLIENT -> SERVER: --b1=_LzTnx5Q6xU6z07MKiYqweyjhgR94Su9nHuG2kBe4

[2025-04-06 15:08:37][1] CLIENT -> SERVER: Content-Type: text/html; charset=UTF-8

[2025-04-06 15:08:37][1] CLIENT -> SERVER: Content-Transfer-Encoding: 8bit

[2025-04-06 15:08:37][1] CLIENT -> SERVER: 

[2025-04-06 15:08:37][1] CLIENT -> SERVER: 

[2025-04-06 15:08:37][1] CLIENT -> SERVER:                 <div style='font-family: Arial, sans-serif; max-width: 600px; margin: 0 auto;'>

[2025-04-06 15:08:37][1] CLIENT -> SERVER:                     <h2>Здравствуйте, asdasdf!</h2>

[2025-04-06 15:08:37][1] CLIENT -> SERVER:                     <p>Для завершения регистрации необходимо подтвердить ваш email адрес.</p>

[2025-04-06 15:08:37][1] CLIENT -> SERVER:                     <p>Пожалуйста, нажмите на кнопку ниже:</p>

[2025-04-06 15:08:37][1] CLIENT -> SERVER:                     <p style='text-align: center;'>

[2025-04-06 15:08:37][1] CLIENT -> SERVER:                         <a href='http://localhost:5173/verify-email/c7ae62f231db6018584b27c3834dfb46ce1cac0a4b8a056ce37d8179b28a8a36' 

[2025-04-06 15:08:37][1] CLIENT -> SERVER:                            style='display: inline-block; padding: 10px 20px; 

[2025-04-06 15:08:37][1] CLIENT -> SERVER:                                   background-color: #4CAF50; color: white; 

[2025-04-06 15:08:37][1] CLIENT -> SERVER:                                   text-decoration: none; border-radius: 5px;'>

[2025-04-06 15:08:37][1] CLIENT -> SERVER:                             Подтвердить email

[2025-04-06 15:08:37][1] CLIENT -> SERVER:                         </a>

[2025-04-06 15:08:37][1] CLIENT -> SERVER:                     </p>

[2025-04-06 15:08:37][1] CLIENT -> SERVER:                     <p>Или перейдите по ссылке: <a href='http://localhost:5173/verify-email/c7ae62f231db6018584b27c3834dfb46ce1cac0a4b8a056ce37d8179b28a8a36'>http://localhost:5173/verify-email/c7ae62f231db6018584b27c3834dfb46ce1cac0a4b8a056ce37d8179b28a8a36</a></p>

[2025-04-06 15:08:37][1] CLIENT -> SERVER:                     <p>Ссылка действительна в течение 24 часов.</p>

[2025-04-06 15:08:37][1] CLIENT -> SERVER:                     <p>Если вы не регистрировались на нашем сайте, просто проигнорируйте это письмо.</p>

[2025-04-06 15:08:37][1] CLIENT -> SERVER:                 </div>

[2025-04-06 15:08:37][1] CLIENT -> SERVER: 

[2025-04-06 15:08:37][1] CLIENT -> SERVER: 

[2025-04-06 15:08:37][1] CLIENT -> SERVER: --b1=_LzTnx5Q6xU6z07MKiYqweyjhgR94Su9nHuG2kBe4--

[2025-04-06 15:08:37][1] CLIENT -> SERVER: 

[2025-04-06 15:08:37][1] CLIENT -> SERVER: .

[2025-04-06 15:08:37][2] SERVER -> CLIENT: 250 2.0.0 Ok: queued

[2025-04-06 15:08:37][1] CLIENT -> SERVER: QUIT

[2025-04-06 15:08:37][2] SERVER -> CLIENT: 221 2.0.0 Bye

[2025-04-06 15:08:37][INFO] Email sent successfully to: ivan1.kostyuk@gmail.com
[2025-04-06 15:17:31] Registration result: Array
(
    [success] => 0
    [id] => 
    [message] => Email already exists
)

