[2025-04-28 18:26:12] {"language":"en-CA","referrer":"","visitTime":"2025-04-28T18:26:11.794Z","userAgent":"Mozilla/5.0 (Macintosh; Intel Mac OS X 10.15; rv:137.0) Gecko/20100101 Firefox/137.0","url":"http://localhost:5173/login"}
[2025-04-28 18:31:53] {"language":"en-CA","referrer":"","visitTime":"2025-04-28T18:31:53.130Z","timeZone":"America/Toronto","userAgent":"Mozilla/5.0 (Macintosh; Intel Mac OS X 10.15; rv:137.0) Gecko/20100101 Firefox/137.0","url":"http://localhost:5173/login"}
[2025-04-28 18:31:53] {"language":"en-CA","referrer":"","visitTime":"2025-04-28T18:31:53.174Z","timeZone":"America/Toronto","userAgent":"Mozilla/5.0 (Macintosh; Intel Mac OS X 10.15; rv:137.0) Gecko/20100101 Firefox/137.0","url":"http://localhost:5173/login"}
[2025-04-28 18:31:53] {"language":"en-CA","referrer":"","visitTime":"2025-04-28T18:31:53.351Z","timeZone":"America/Toronto","userAgent":"Mozilla/5.0 (Macintosh; Intel Mac OS X 10.15; rv:137.0) Gecko/20100101 Firefox/137.0","url":"http://localhost:5173/login"}
[2025-04-28 18:31:54] {"language":"en-CA","referrer":"","visitTime":"2025-04-28T18:31:53.422Z","timeZone":"America/Toronto","userAgent":"Mozilla/5.0 (Macintosh; Intel Mac OS X 10.15; rv:137.0) Gecko/20100101 Firefox/137.0","url":"http://localhost:5173/login"}
[2025-04-28 18:32:01] {"language":"en-CA","referrer":"","visitTime":"2025-04-28T18:32:00.847Z","timeZone":"America/Toronto","userAgent":"Mozilla/5.0 (Macintosh; Intel Mac OS X 10.15; rv:137.0) Gecko/20100101 Firefox/137.0","url":"http://localhost:5173/login"}
[2025-04-28 18:36:11] {"language":"en-CA","referrer":"","visitTime":"2025-04-28T18:36:11.134Z","timeZone":"America/Toronto","userAgent":"Mozilla/5.0 (Macintosh; Intel Mac OS X 10.15; rv:137.0) Gecko/20100101 Firefox/137.0","url":"http://localhost:5173/login"}
[2025-04-28 18:37:24] {"language":"en-CA","referrer":"","visitTime":"2025-04-28T18:37:24.279Z","timeZone":"America/Toronto","userAgent":"Mozilla/5.0 (Macintosh; Intel Mac OS X 10.15; rv:137.0) Gecko/20100101 Firefox/137.0","url":"http://localhost:5173/login"}
[2025-04-28 18:38:03] {"language":"en-CA","referrer":"","visitTime":"2025-04-28T18:38:02.870Z","timeZone":"America/Toronto","userAgent":"Mozilla/5.0 (Macintosh; Intel Mac OS X 10.15; rv:137.0) Gecko/20100101 Firefox/137.0","url":"http://localhost:5173/login"}
[2025-04-29 16:46:12] {"language":"en-CA","referrer":"","visitTime":"2025-04-29T16:46:12.115Z","timeZone":"America/Toronto","userAgent":"Mozilla/5.0 (Macintosh; Intel Mac OS X 10.15; rv:137.0) Gecko/20100101 Firefox/137.0","url":"http://localhost:5173/profile"}
[2025-04-29 16:46:12] {"language":"en-CA","referrer":"","visitTime":"2025-04-29T16:46:12.128Z","timeZone":"America/Toronto","userAgent":"Mozilla/5.0 (Macintosh; Intel Mac OS X 10.15; rv:137.0) Gecko/20100101 Firefox/137.0","url":"http://localhost:5173/login"}
[2025-04-29 16:46:12] {"language":"en-CA","referrer":"","visitTime":"2025-04-29T16:46:12.184Z","timeZone":"America/Toronto","userAgent":"Mozilla/5.0 (Macintosh; Intel Mac OS X 10.15; rv:137.0) Gecko/20100101 Firefox/137.0","url":"http://localhost:5173/profile"}
[2025-04-29 16:46:13] {"language":"en-CA","referrer":"","visitTime":"2025-04-29T16:46:12.866Z","timeZone":"America/Toronto","userAgent":"Mozilla/5.0 (Macintosh; Intel Mac OS X 10.15; rv:137.0) Gecko/20100101 Firefox/137.0","url":"http://localhost:5173/profile"}
[2025-04-29 16:46:13] {"language":"en-CA","referrer":"","visitTime":"2025-04-29T16:46:12.900Z","timeZone":"America/Toronto","userAgent":"Mozilla/5.0 (Macintosh; Intel Mac OS X 10.15; rv:137.0) Gecko/20100101 Firefox/137.0","url":"http://localhost:5173/profile"}
[2025-04-29 16:46:13] {"language":"en-CA","referrer":"","visitTime":"2025-04-29T16:46:13.533Z","timeZone":"America/Toronto","userAgent":"Mozilla/5.0 (Macintosh; Intel Mac OS X 10.15; rv:137.0) Gecko/20100101 Firefox/137.0","url":"http://localhost:5173/login"}
[2025-04-29 16:46:14] {"language":"en-CA","referrer":"","visitTime":"2025-04-29T16:46:13.784Z","timeZone":"America/Toronto","userAgent":"Mozilla/5.0 (Macintosh; Intel Mac OS X 10.15; rv:137.0) Gecko/20100101 Firefox/137.0","url":"http://localhost:5173/profile"}
[2025-04-29 18:11:03] {"language":"en-CA","referrer":"","visitTime":"2025-04-29T18:11:03.213Z","timeZone":"America/Toronto","userAgent":"Mozilla/5.0 (Macintosh; Intel Mac OS X 10.15; rv:137.0) Gecko/20100101 Firefox/137.0","url":"http://localhost:5173/login"}
[2025-04-29 18:11:03] {"language":"en-CA","referrer":"","visitTime":"2025-04-29T18:11:03.179Z","timeZone":"America/Toronto","userAgent":"Mozilla/5.0 (Macintosh; Intel Mac OS X 10.15; rv:137.0) Gecko/20100101 Firefox/137.0","url":"http://localhost:5173/profile"}
[2025-04-29 18:35:18] {"language":"en-CA","referrer":"","visitTime":"2025-04-29T18:35:17.844Z","timeZone":"America/Toronto","userAgent":"Mozilla/5.0 (Macintosh; Intel Mac OS X 10.15; rv:137.0) Gecko/20100101 Firefox/137.0","url":"http://localhost:5173/profile"}
[2025-04-29 18:35:18] {"language":"en-CA","referrer":"","visitTime":"2025-04-29T18:35:17.865Z","timeZone":"America/Toronto","userAgent":"Mozilla/5.0 (Macintosh; Intel Mac OS X 10.15; rv:137.0) Gecko/20100101 Firefox/137.0","url":"http://localhost:5173/login"}
[2025-04-29 18:42:35] {"language":"en-CA","referrer":"","visitTime":"2025-04-29T18:42:35.497Z","timeZone":"America/Toronto","userAgent":"Mozilla/5.0 (Macintosh; Intel Mac OS X 10.15; rv:137.0) Gecko/20100101 Firefox/137.0","url":"http://localhost:5173/profile"}
[2025-04-29 18:42:35] {"language":"en-CA","referrer":"","visitTime":"2025-04-29T18:42:35.646Z","timeZone":"America/Toronto","userAgent":"Mozilla/5.0 (Macintosh; Intel Mac OS X 10.15; rv:137.0) Gecko/20100101 Firefox/137.0","url":"http://localhost:5173/login"}
[2025-04-29 18:50:27] {"language":"en-CA","referrer":"","visitTime":"2025-04-29T18:50:27.332Z","timeZone":"America/Toronto","userAgent":"Mozilla/5.0 (Macintosh; Intel Mac OS X 10.15; rv:137.0) Gecko/20100101 Firefox/137.0","url":"http://localhost:5173/reset-password/f0da4a9b77e84855937c5ea07a42093fe6c2e86d8d0cea0aec14bec5dd056ec0"}
[2025-04-29 20:49:12] {"language":"en-CA","referrer":"","visitTime":"2025-04-29T20:49:11.999Z","timeZone":"America/Toronto","userAgent":"Mozilla/5.0 (Macintosh; Intel Mac OS X 10.15; rv:137.0) Gecko/20100101 Firefox/137.0","url":"http://localhost:5173/reset-password/f0da4a9b77e84855937c5ea07a42093fe6c2e86d8d0cea0aec14bec5dd056ec0"}
[2025-04-29 20:49:13] {"language":"en-CA","referrer":"","visitTime":"2025-04-29T20:49:13.195Z","timeZone":"America/Toronto","userAgent":"Mozilla/5.0 (Macintosh; Intel Mac OS X 10.15; rv:137.0) Gecko/20100101 Firefox/137.0","url":"http://localhost:5173/login"}
[2025-04-29 20:49:13] {"language":"en-CA","referrer":"","visitTime":"2025-04-29T20:49:13.243Z","timeZone":"America/Toronto","userAgent":"Mozilla/5.0 (Macintosh; Intel Mac OS X 10.15; rv:137.0) Gecko/20100101 Firefox/137.0","url":"http://localhost:5173/login"}
[2025-04-29 21:23:53] {"language":"en-CA","referrer":"","visitTime":"2025-04-29T21:23:53.013Z","timeZone":"America/Toronto","userAgent":"Mozilla/5.0 (Macintosh; Intel Mac OS X 10.15; rv:137.0) Gecko/20100101 Firefox/137.0","url":"http://localhost:5173/reset-password/f0da4a9b77e84855937c5ea07a42093fe6c2e86d8d0cea0aec14bec5dd056ec0"}
[2025-04-29 23:00:29] {"language":"en-CA","referrer":"","visitTime":"2025-04-29T23:00:28.553Z","timeZone":"America/Toronto","userAgent":"Mozilla/5.0 (Macintosh; Intel Mac OS X 10.15; rv:137.0) Gecko/20100101 Firefox/137.0","url":"http://localhost:5173/login"}
[2025-04-29 23:00:29] {"language":"en-CA","referrer":"","visitTime":"2025-04-29T23:00:28.904Z","timeZone":"America/Toronto","userAgent":"Mozilla/5.0 (Macintosh; Intel Mac OS X 10.15; rv:137.0) Gecko/20100101 Firefox/137.0","url":"http://localhost:5173/login"}
[2025-04-30 13:23:56] {"language":"en-CA","referrer":"","visitTime":"2025-04-30T13:23:56.168Z","timeZone":"America/Toronto","userAgent":"Mozilla/5.0 (Macintosh; Intel Mac OS X 10.15; rv:137.0) Gecko/20100101 Firefox/137.0","url":"http://localhost:5173/login"}
[2025-04-30 13:25:51] {"language":"en-CA","referrer":"","visitTime":"2025-04-30T13:25:51.429Z","timeZone":"America/Toronto","userAgent":"Mozilla/5.0 (Macintosh; Intel Mac OS X 10.15; rv:137.0) Gecko/20100101 Firefox/137.0","url":"http://localhost:5173/profile/edit"}
[2025-04-30 14:27:57] {"language":"en-CA","referrer":"","visitTime":"2025-04-30T14:27:57.520Z","timeZone":"America/Toronto","userAgent":"Mozilla/5.0 (Macintosh; Intel Mac OS X 10.15; rv:137.0) Gecko/20100101 Firefox/137.0","url":"http://localhost:5173/login"}
[2025-04-30 14:28:49] {"language":"en-CA","referrer":"","visitTime":"2025-04-30T14:28:49.537Z","timeZone":"America/Toronto","userAgent":"Mozilla/5.0 (Macintosh; Intel Mac OS X 10.15; rv:137.0) Gecko/20100101 Firefox/137.0","url":"http://localhost:5173/reset-password/c5866aa086cf4efbaf103f5346c9228375c962787580bff194d7232aaf4d8278"}
[2025-04-30 14:29:46] {"language":"en-CA","referrer":"","visitTime":"2025-04-30T14:29:46.130Z","timeZone":"America/Toronto","userAgent":"Mozilla/5.0 (Macintosh; Intel Mac OS X 10.15; rv:137.0) Gecko/20100101 Firefox/137.0","url":"http://localhost:5173/login"}
[2025-04-30 14:30:09] {"language":"en-CA","referrer":"","visitTime":"2025-04-30T14:30:08.742Z","timeZone":"America/Toronto","userAgent":"Mozilla/5.0 (Macintosh; Intel Mac OS X 10.15; rv:137.0) Gecko/20100101 Firefox/137.0","url":"http://localhost:5173/reset-password/782786704f922ef6420f8c6d47c96f7fa53504d5828812ed27ad2fb09c540a2f"}
[2025-04-30 14:35:51] {"language":"en-CA","referrer":"","visitTime":"2025-04-30T14:35:50.555Z","timeZone":"America/Toronto","userAgent":"Mozilla/5.0 (Macintosh; Intel Mac OS X 10.15; rv:137.0) Gecko/20100101 Firefox/137.0","url":"http://localhost:5173/reset-password/782786704f922ef6420f8c6d47c96f7fa53504d5828812ed27ad2fb09c540a2f"}
[2025-04-30 14:35:52] {"language":"en-CA","referrer":"","visitTime":"2025-04-30T14:35:52.586Z","timeZone":"America/Toronto","userAgent":"Mozilla/5.0 (Macintosh; Intel Mac OS X 10.15; rv:137.0) Gecko/20100101 Firefox/137.0","url":"http://localhost:5173/recovery"}
[2025-04-30 14:35:52] {"language":"en-CA","referrer":"","visitTime":"2025-04-30T14:35:52.626Z","timeZone":"America/Toronto","userAgent":"Mozilla/5.0 (Macintosh; Intel Mac OS X 10.15; rv:137.0) Gecko/20100101 Firefox/137.0","url":"http://localhost:5173/recovery"}
[2025-04-30 14:40:39] {"language":"en-CA","referrer":"","visitTime":"2025-04-30T14:40:38.878Z","timeZone":"America/Toronto","userAgent":"Mozilla/5.0 (Macintosh; Intel Mac OS X 10.15; rv:137.0) Gecko/20100101 Firefox/137.0","url":"http://localhost:5173/reset-password/782786704f922ef6420f8c6d47c96f7fa53504d5828812ed27ad2fb09c540a2f"}
[2025-04-30 14:40:39] {"language":"en-CA","referrer":"","visitTime":"2025-04-30T14:40:38.892Z","timeZone":"America/Toronto","userAgent":"Mozilla/5.0 (Macintosh; Intel Mac OS X 10.15; rv:137.0) Gecko/20100101 Firefox/137.0","url":"http://localhost:5173/recovery"}
[2025-04-30 14:40:39] {"language":"en-CA","referrer":"","visitTime":"2025-04-30T14:40:38.879Z","timeZone":"America/Toronto","userAgent":"Mozilla/5.0 (Macintosh; Intel Mac OS X 10.15; rv:137.0) Gecko/20100101 Firefox/137.0","url":"http://localhost:5173/recovery"}
[2025-04-30 15:30:44] {"language":"en-CA","referrer":"","visitTime":"2025-04-30T15:30:43.946Z","timeZone":"America/Toronto","userAgent":"Mozilla/5.0 (Macintosh; Intel Mac OS X 10.15; rv:137.0) Gecko/20100101 Firefox/137.0","url":"http://localhost:5173/reset-password/97d680fb9c795f4740015173672d6ebce23ae448c349acc2eea05afbbb0c1de0"}
[2025-04-30 15:33:01] {"language":"en-CA","referrer":"","visitTime":"2025-04-30T15:33:01.565Z","timeZone":"America/Toronto","userAgent":"Mozilla/5.0 (Macintosh; Intel Mac OS X 10.15; rv:137.0) Gecko/20100101 Firefox/137.0","url":"http://localhost:5173/login"}
[2025-04-30 16:41:29] {"language":"en-CA","referrer":"","visitTime":"2025-04-30T16:41:28.840Z","timeZone":"America/Toronto","userAgent":"Mozilla/5.0 (Macintosh; Intel Mac OS X 10.15; rv:137.0) Gecko/20100101 Firefox/137.0","url":"http://localhost:5173/phpinfo.php"}
[2025-04-30 17:21:31] {"language":"en-CA","referrer":"","visitTime":"2025-04-30T17:21:31.348Z","timeZone":"America/Toronto","userAgent":"Mozilla/5.0 (Macintosh; Intel Mac OS X 10.15; rv:137.0) Gecko/20100101 Firefox/137.0","url":"http://localhost:5173/recovery"}
[2025-04-30 17:22:33] {"language":"en-CA","referrer":"","visitTime":"2025-04-30T17:22:33.299Z","timeZone":"America/Toronto","userAgent":"Mozilla/5.0 (Macintosh; Intel Mac OS X 10.15; rv:137.0) Gecko/20100101 Firefox/137.0","url":"http://localhost:5173/recovery"}
[2025-04-30 17:30:06] {"language":"en-CA","referrer":"","visitTime":"2025-04-30T17:30:05.922Z","timeZone":"America/Toronto","userAgent":"Mozilla/5.0 (Macintosh; Intel Mac OS X 10.15; rv:137.0) Gecko/20100101 Firefox/137.0","url":"http://localhost:5173/recovery"}
[2025-04-30 17:47:25] {"language":"en-CA","referrer":"","visitTime":"2025-04-30T17:47:24.832Z","timeZone":"America/Toronto","userAgent":"Mozilla/5.0 (Macintosh; Intel Mac OS X 10.15; rv:137.0) Gecko/20100101 Firefox/137.0","url":"http://localhost:5173/recovery"}
[2025-04-30 17:51:07] {"language":"en-CA","referrer":"","visitTime":"2025-04-30T17:51:06.773Z","timeZone":"America/Toronto","userAgent":"Mozilla/5.0 (Macintosh; Intel Mac OS X 10.15; rv:137.0) Gecko/20100101 Firefox/137.0","url":"http://localhost:5173/"}
[2025-04-30 17:55:29] {"language":"en-CA","referrer":"","visitTime":"2025-04-30T17:55:29.138Z","timeZone":"America/Toronto","userAgent":"Mozilla/5.0 (Macintosh; Intel Mac OS X 10.15; rv:137.0) Gecko/20100101 Firefox/137.0","url":"http://localhost:5173/"}
[2025-04-30 17:56:04] {"language":"en-CA","referrer":"","visitTime":"2025-04-30T17:56:04.294Z","timeZone":"America/Toronto","userAgent":"Mozilla/5.0 (Macintosh; Intel Mac OS X 10.15; rv:137.0) Gecko/20100101 Firefox/137.0","url":"http://localhost:5173/"}
[2025-04-30 17:56:04] {"language":"en-CA","referrer":"","visitTime":"2025-04-30T17:56:04.493Z","timeZone":"America/Toronto","userAgent":"Mozilla/5.0 (Macintosh; Intel Mac OS X 10.15; rv:137.0) Gecko/20100101 Firefox/137.0","url":"http://localhost:5173/recovery"}
[2025-04-30 17:56:09] {"language":"en-CA","referrer":"","visitTime":"2025-04-30T17:56:08.932Z","timeZone":"America/Toronto","userAgent":"Mozilla/5.0 (Macintosh; Intel Mac OS X 10.15; rv:137.0) Gecko/20100101 Firefox/137.0","url":"http://localhost:5173/"}
[2025-04-30 17:57:33] {"language":"en-CA","referrer":"","visitTime":"2025-04-30T17:57:32.929Z","timeZone":"America/Toronto","userAgent":"Mozilla/5.0 (Macintosh; Intel Mac OS X 10.15; rv:137.0) Gecko/20100101 Firefox/137.0","url":"http://localhost:5173/"}
[2025-04-30 17:57:34] {"language":"en-CA","referrer":"","visitTime":"2025-04-30T17:57:33.852Z","timeZone":"America/Toronto","userAgent":"Mozilla/5.0 (Macintosh; Intel Mac OS X 10.15; rv:137.0) Gecko/20100101 Firefox/137.0","url":"http://localhost:5173/recovery"}
[2025-04-30 18:04:19] {"language":"en-CA","referrer":"","visitTime":"2025-04-30T18:04:19.104Z","timeZone":"America/Toronto","userAgent":"Mozilla/5.0 (Macintosh; Intel Mac OS X 10.15; rv:137.0) Gecko/20100101 Firefox/137.0","url":"http://localhost:5173/recovery"}
[2025-04-30 18:04:19] {"language":"en-CA","referrer":"","visitTime":"2025-04-30T18:04:19.095Z","timeZone":"America/Toronto","userAgent":"Mozilla/5.0 (Macintosh; Intel Mac OS X 10.15; rv:137.0) Gecko/20100101 Firefox/137.0","url":"http://localhost:5173/"}
[2025-04-30 18:17:27] {"language":"en-CA","referrer":"","visitTime":"2025-04-30T18:17:27.620Z","timeZone":"America/Toronto","userAgent":"Mozilla/5.0 (Macintosh; Intel Mac OS X 10.15; rv:137.0) Gecko/20100101 Firefox/137.0","url":"http://localhost:5173/recovery"}
[2025-04-30 18:17:28] {"language":"en-CA","referrer":"","visitTime":"2025-04-30T18:17:27.719Z","timeZone":"America/Toronto","userAgent":"Mozilla/5.0 (Macintosh; Intel Mac OS X 10.15; rv:137.0) Gecko/20100101 Firefox/137.0","url":"http://localhost:5173/"}
[2025-04-30 18:19:10] {"language":"en-CA","referrer":"","visitTime":"2025-04-30T18:19:09.719Z","timeZone":"America/Toronto","userAgent":"Mozilla/5.0 (Macintosh; Intel Mac OS X 10.15; rv:137.0) Gecko/20100101 Firefox/137.0","url":"http://localhost:5173/recovery"}
[2025-04-30 18:19:10] {"language":"en-CA","referrer":"","visitTime":"2025-04-30T18:19:09.783Z","timeZone":"America/Toronto","userAgent":"Mozilla/5.0 (Macintosh; Intel Mac OS X 10.15; rv:137.0) Gecko/20100101 Firefox/137.0","url":"http://localhost:5173/"}
[2025-04-30 19:02:32] {"language":"en-CA","referrer":"","visitTime":"2025-04-30T19:02:32.323Z","timeZone":"America/Toronto","userAgent":"Mozilla/5.0 (Macintosh; Intel Mac OS X 10.15; rv:137.0) Gecko/20100101 Firefox/137.0","url":"http://localhost:5173/recovery"}
[2025-04-30 19:02:32] {"language":"en-CA","referrer":"","visitTime":"2025-04-30T19:02:32.632Z","timeZone":"America/Toronto","userAgent":"Mozilla/5.0 (Macintosh; Intel Mac OS X 10.15; rv:137.0) Gecko/20100101 Firefox/137.0","url":"http://localhost:5173/"}
[2025-04-30 19:02:40] {"language":"en-CA","referrer":"","visitTime":"2025-04-30T19:02:40.285Z","timeZone":"America/Toronto","userAgent":"Mozilla/5.0 (Macintosh; Intel Mac OS X 10.15; rv:137.0) Gecko/20100101 Firefox/137.0","url":"http://localhost:5173/recovery"}
[2025-04-30 19:02:40] {"language":"en-CA","referrer":"","visitTime":"2025-04-30T19:02:40.519Z","timeZone":"America/Toronto","userAgent":"Mozilla/5.0 (Macintosh; Intel Mac OS X 10.15; rv:137.0) Gecko/20100101 Firefox/137.0","url":"http://localhost:5173/"}
[2025-05-01 17:25:10] {"language":"en-CA","referrer":"","visitTime":"2025-05-01T17:25:09.463Z","timeZone":"America/Toronto","userAgent":"Mozilla/5.0 (Macintosh; Intel Mac OS X 10.15; rv:137.0) Gecko/20100101 Firefox/137.0","url":"http://localhost:5173/"}
[2025-05-01 17:35:19] {"language":"en-CA","referrer":"","visitTime":"2025-05-01T17:35:19.139Z","timeZone":"America/Toronto","userAgent":"Mozilla/5.0 (Macintosh; Intel Mac OS X 10.15; rv:137.0) Gecko/20100101 Firefox/137.0","url":"http://localhost:5173/"}
[2025-05-01 17:35:21] {"language":"en-CA","referrer":"","visitTime":"2025-05-01T17:35:21.262Z","timeZone":"America/Toronto","userAgent":"Mozilla/5.0 (Macintosh; Intel Mac OS X 10.15; rv:137.0) Gecko/20100101 Firefox/137.0","url":"http://localhost:5173/recovery"}
[2025-05-01 17:50:30] {"language":"en-CA","referrer":"","visitTime":"2025-05-01T17:50:30.029Z","timeZone":"America/Toronto","userAgent":"Mozilla/5.0 (Macintosh; Intel Mac OS X 10.15; rv:137.0) Gecko/20100101 Firefox/137.0","url":"http://localhost:5173/"}
[2025-05-01 17:50:32] {"language":"en-CA","referrer":"","visitTime":"2025-05-01T17:50:31.833Z","timeZone":"America/Toronto","userAgent":"Mozilla/5.0 (Macintosh; Intel Mac OS X 10.15; rv:137.0) Gecko/20100101 Firefox/137.0","url":"http://localhost:5173/recovery"}
[2025-05-01 17:50:42] {"language":"en-CA","referrer":"","visitTime":"2025-05-01T17:50:42.456Z","timeZone":"America/Toronto","userAgent":"Mozilla/5.0 (Macintosh; Intel Mac OS X 10.15; rv:137.0) Gecko/20100101 Firefox/137.0","url":"http://localhost:5173/login"}
[2025-05-01 17:52:06] {"language":"en-CA","referrer":"","visitTime":"2025-05-01T17:52:05.775Z","timeZone":"America/Toronto","userAgent":"Mozilla/5.0 (Macintosh; Intel Mac OS X 10.15; rv:137.0) Gecko/20100101 Firefox/137.0","url":"http://localhost:5173/login"}
[2025-05-01 17:59:37] {"language":"en-CA","referrer":"","visitTime":"2025-05-01T17:59:37.120Z","timeZone":"America/Toronto","userAgent":"Mozilla/5.0 (Macintosh; Intel Mac OS X 10.15; rv:137.0) Gecko/20100101 Firefox/137.0","url":"http://localhost:5173/"}
[2025-05-01 17:59:38] {"language":"en-CA","referrer":"","visitTime":"2025-05-01T17:59:38.318Z","timeZone":"America/Toronto","userAgent":"Mozilla/5.0 (Macintosh; Intel Mac OS X 10.15; rv:137.0) Gecko/20100101 Firefox/137.0","url":"http://localhost:5173/recovery"}
[2025-05-01 18:00:31] {"language":"en-CA","referrer":"","visitTime":"2025-05-01T18:00:31.359Z","timeZone":"America/Toronto","userAgent":"Mozilla/5.0 (Macintosh; Intel Mac OS X 10.15; rv:137.0) Gecko/20100101 Firefox/137.0","url":"http://localhost:5173/login"}
[2025-05-01 18:02:13] {"language":"en-CA","referrer":"","visitTime":"2025-05-01T18:02:12.809Z","timeZone":"America/Toronto","userAgent":"Mozilla/5.0 (Macintosh; Intel Mac OS X 10.15; rv:137.0) Gecko/20100101 Firefox/137.0","url":"http://localhost:5173/"}
[2025-05-01 18:02:19] {"language":"en-CA","referrer":"","visitTime":"2025-05-01T18:02:18.750Z","timeZone":"America/Toronto","userAgent":"Mozilla/5.0 (Macintosh; Intel Mac OS X 10.15; rv:137.0) Gecko/20100101 Firefox/137.0","url":"http://localhost:5173/recovery"}
[2025-05-01 18:07:09] {"language":"en-CA","referrer":"","visitTime":"2025-05-01T18:07:09.216Z","timeZone":"America/Toronto","userAgent":"Mozilla/5.0 (Macintosh; Intel Mac OS X 10.15; rv:137.0) Gecko/20100101 Firefox/137.0","url":"http://localhost:5173/profile"}
[2025-05-01 18:07:48] {"language":"en-CA","referrer":"","visitTime":"2025-05-01T18:07:47.999Z","timeZone":"America/Toronto","userAgent":"Mozilla/5.0 (Macintosh; Intel Mac OS X 10.15; rv:137.0) Gecko/20100101 Firefox/137.0","url":"http://localhost:5173/profile"}
[2025-05-01 18:07:50] {"language":"en-CA","referrer":"","visitTime":"2025-05-01T18:07:49.658Z","timeZone":"America/Toronto","userAgent":"Mozilla/5.0 (Macintosh; Intel Mac OS X 10.15; rv:137.0) Gecko/20100101 Firefox/137.0","url":"http://localhost:5173/recovery"}
[2025-05-01 18:12:50] {"language":"en-CA","referrer":"","visitTime":"2025-05-01T18:12:50.260Z","timeZone":"America/Toronto","userAgent":"Mozilla/5.0 (Macintosh; Intel Mac OS X 10.15; rv:137.0) Gecko/20100101 Firefox/137.0","url":"http://localhost:5173/profile"}
[2025-05-01 18:12:51] {"language":"en-CA","referrer":"","visitTime":"2025-05-01T18:12:51.243Z","timeZone":"America/Toronto","userAgent":"Mozilla/5.0 (Macintosh; Intel Mac OS X 10.15; rv:137.0) Gecko/20100101 Firefox/137.0","url":"http://localhost:5173/recovery"}
[2025-05-01 18:25:58] {"language":"en-CA","referrer":"","visitTime":"2025-05-01T18:25:57.791Z","timeZone":"America/Toronto","userAgent":"Mozilla/5.0 (Macintosh; Intel Mac OS X 10.15; rv:137.0) Gecko/20100101 Firefox/137.0","url":"http://localhost:5173/recovery"}
[2025-05-01 18:25:58] {"language":"en-CA","referrer":"","visitTime":"2025-05-01T18:25:58.240Z","timeZone":"America/Toronto","userAgent":"Mozilla/5.0 (Macintosh; Intel Mac OS X 10.15; rv:137.0) Gecko/20100101 Firefox/137.0","url":"http://localhost:5173/profile"}
[2025-05-01 18:42:48] {"language":"en-CA","referrer":"","visitTime":"2025-05-01T18:42:47.553Z","timeZone":"America/Toronto","userAgent":"Mozilla/5.0 (Macintosh; Intel Mac OS X 10.15; rv:137.0) Gecko/20100101 Firefox/137.0","url":"http://localhost:5173/recovery"}
[2025-05-01 18:42:48] {"language":"en-CA","referrer":"","visitTime":"2025-05-01T18:42:47.585Z","timeZone":"America/Toronto","userAgent":"Mozilla/5.0 (Macintosh; Intel Mac OS X 10.15; rv:137.0) Gecko/20100101 Firefox/137.0","url":"http://localhost:5173/profile"}
[2025-05-01 18:52:46] {"language":"en-CA","referrer":"","visitTime":"2025-05-01T18:52:46.196Z","timeZone":"America/Toronto","userAgent":"Mozilla/5.0 (Macintosh; Intel Mac OS X 10.15; rv:137.0) Gecko/20100101 Firefox/137.0","url":"http://localhost:5173/profile"}
[2025-05-01 18:53:01] {"language":"en-CA","referrer":"","visitTime":"2025-05-01T18:53:00.689Z","timeZone":"America/Toronto","userAgent":"Mozilla/5.0 (Macintosh; Intel Mac OS X 10.15; rv:137.0) Gecko/20100101 Firefox/137.0","url":"http://localhost:5173/profile"}
[2025-05-01 18:53:05] {"language":"en-CA","referrer":"","visitTime":"2025-05-01T18:53:05.282Z","timeZone":"America/Toronto","userAgent":"Mozilla/5.0 (Macintosh; Intel Mac OS X 10.15; rv:137.0) Gecko/20100101 Firefox/137.0","url":"http://localhost:5173/recovery"}
[2025-05-01 18:53:08] {"language":"en-CA","referrer":"","visitTime":"2025-05-01T18:53:08.447Z","timeZone":"America/Toronto","userAgent":"Mozilla/5.0 (Macintosh; Intel Mac OS X 10.15; rv:137.0) Gecko/20100101 Firefox/137.0","url":"http://localhost:5173/profile"}
[2025-05-01 18:53:59] {"language":"en-CA","referrer":"","visitTime":"2025-05-01T18:53:58.799Z","timeZone":"America/Toronto","userAgent":"Mozilla/5.0 (Macintosh; Intel Mac OS X 10.15; rv:137.0) Gecko/20100101 Firefox/137.0","url":"http://localhost:5173/recovery"}
[2025-05-01 18:53:59] {"language":"en-CA","referrer":"","visitTime":"2025-05-01T18:53:59.241Z","timeZone":"America/Toronto","userAgent":"Mozilla/5.0 (Macintosh; Intel Mac OS X 10.15; rv:137.0) Gecko/20100101 Firefox/137.0","url":"http://localhost:5173/profile"}
[2025-05-01 18:54:59] {"language":"en-CA","referrer":"","visitTime":"2025-05-01T18:54:59.224Z","timeZone":"America/Toronto","userAgent":"Mozilla/5.0 (Macintosh; Intel Mac OS X 10.15; rv:137.0) Gecko/20100101 Firefox/137.0","url":"http://localhost:5173/recovery"}
[2025-05-01 18:55:02] {"language":"en-CA","referrer":"","visitTime":"2025-05-01T18:55:01.218Z","timeZone":"America/Toronto","userAgent":"Mozilla/5.0 (Macintosh; Intel Mac OS X 10.15; rv:137.0) Gecko/20100101 Firefox/137.0","url":"http://localhost:5173/login"}
[2025-05-01 19:21:39] {"language":"en-CA","referrer":"","visitTime":"2025-05-01T19:21:39.325Z","timeZone":"America/Toronto","userAgent":"Mozilla/5.0 (Macintosh; Intel Mac OS X 10.15; rv:137.0) Gecko/20100101 Firefox/137.0","url":"http://localhost:5173/recovery"}
[2025-05-01 19:21:40] {"language":"en-CA","referrer":"","visitTime":"2025-05-01T19:21:39.378Z","timeZone":"America/Toronto","userAgent":"Mozilla/5.0 (Macintosh; Intel Mac OS X 10.15; rv:137.0) Gecko/20100101 Firefox/137.0","url":"http://localhost:5173/login"}
